<?xml version="1.0" encoding="UTF-8"?>
<testsuite name="com.kodilla.testing.forum.statistics.CalculateStatisticsTestSuite" tests="8" skipped="0" failures="0" errors="0" timestamp="2018-10-19T15:23:49" hostname="DESKTOP-NSJVO29" time="0.133">
  <properties/>
  <testcase name="morePostsThanCommentsTest" classname="com.kodilla.testing.forum.statistics.CalculateStatisticsTestSuite" time="0.122"/>
  <testcase name="thousandPostTest" classname="com.kodilla.testing.forum.statistics.CalculateStatisticsTestSuite" time="0.001"/>
  <testcase name="zeroPostTest" classname="com.kodilla.testing.forum.statistics.CalculateStatisticsTestSuite" time="0.001"/>
  <testcase name="hundredUserTest" classname="com.kodilla.testing.forum.statistics.CalculateStatisticsTestSuite" time="0.002"/>
  <testcase name="moreCommentsThanPostsTest" classname="com.kodilla.testing.forum.statistics.CalculateStatisticsTestSuite" time="0.002"/>
  <testcase name="zeroCommentTest" classname="com.kodilla.testing.forum.statistics.CalculateStatisticsTestSuite" time="0.002"/>
  <testcase name="thousandCommentTest" classname="com.kodilla.testing.forum.statistics.CalculateStatisticsTestSuite" time="0.001"/>
  <testcase name="zeroUserTest" classname="com.kodilla.testing.forum.statistics.CalculateStatisticsTestSuite" time="0.001"/>
  <system-out><![CDATA[Start Testing: 
Test nr 1
Liczba uĹĽytkownikĂłw to: 2. PostĂłw napisano: 10000.
Pod nimi zostawiono: 5000 komentarzy. Co dajÄ™ nam Ĺ›redniÄ…: 5000 postĂłw na uĹĽytkownika, 
2500 komentarzy na uĹĽytkownika oraz Ĺ›rednio 0 komentarzy na post.
End of test nr 1
Test nr 2
Liczba uĹĽytkownikĂłw to: 2. PostĂłw napisano: 1000.
Pod nimi zostawiono: 0 komentarzy. Co dajÄ™ nam Ĺ›redniÄ…: 500 postĂłw na uĹĽytkownika, 
0 komentarzy na uĹĽytkownika oraz Ĺ›rednio 0 komentarzy na post.
End of test nr 2
Test nr 3
Liczba uĹĽytkownikĂłw to: 2. PostĂłw napisano: 0.
Pod nimi zostawiono: 0 komentarzy. Co dajÄ™ nam Ĺ›redniÄ…: 0 postĂłw na uĹĽytkownika, 
0 komentarzy na uĹĽytkownika oraz Ĺ›rednio 0 komentarzy na post.
End of test nr 3
Test nr 4
Liczba uĹĽytkownikĂłw to: 2. PostĂłw napisano: 1000.
Pod nimi zostawiono: 0 komentarzy. Co dajÄ™ nam Ĺ›redniÄ…: 500 postĂłw na uĹĽytkownika, 
0 komentarzy na uĹĽytkownika oraz Ĺ›rednio 0 komentarzy na post.
End of test nr 4
Test nr 5
Liczba uĹĽytkownikĂłw to: 2. PostĂłw napisano: 500.
Pod nimi zostawiono: 1000 komentarzy. Co dajÄ™ nam Ĺ›redniÄ…: 250 postĂłw na uĹĽytkownika, 
500 komentarzy na uĹĽytkownika oraz Ĺ›rednio 2 komentarzy na post.
End of test nr 5
Test nr 6
Liczba uĹĽytkownikĂłw to: 2. PostĂłw napisano: 0.
Pod nimi zostawiono: 0 komentarzy. Co dajÄ™ nam Ĺ›redniÄ…: 0 postĂłw na uĹĽytkownika, 
0 komentarzy na uĹĽytkownika oraz Ĺ›rednio 0 komentarzy na post.
End of test nr 6
Test nr 7
Liczba uĹĽytkownikĂłw to: 2. PostĂłw napisano: 0.
Pod nimi zostawiono: 1000 komentarzy. Co dajÄ™ nam Ĺ›redniÄ…: 0 postĂłw na uĹĽytkownika, 
500 komentarzy na uĹĽytkownika oraz Ĺ›rednio 0 komentarzy na post.
End of test nr 7
Test nr 8
Liczba uĹĽytkownikĂłw to: 0. PostĂłw napisano: 1000.
Pod nimi zostawiono: 5000 komentarzy. Co dajÄ™ nam Ĺ›redniÄ…: 0 postĂłw na uĹĽytkownika, 
0 komentarzy na uĹĽytkownika oraz Ĺ›rednio 5 komentarzy na post.
End of test nr 8
The end of all tests.
]]></system-out>
  <system-err><![CDATA[]]></system-err>
</testsuite>
